{"name":"simpleTest1","status":"failed","statusDetails":{"known":false,"muted":false,"flaky":false,"message":"expected [PITER CHAILOVSKII1] but found [PITER CHAILOVSKII]","trace":"java.lang.AssertionError: expected [PITER CHAILOVSKII1] but found [PITER CHAILOVSKII]\n\tat org.testng.Assert.fail(Assert.java:96)\n\tat org.testng.Assert.failNotEquals(Assert.java:776)\n\tat org.testng.Assert.assertEqualsImpl(Assert.java:137)\n\tat org.testng.Assert.assertEquals(Assert.java:118)\n\tat org.testng.Assert.assertEquals(Assert.java:453)\n\tat org.testng.Assert.assertEquals(Assert.java:463)\n\tat lesson5.steps.ContactFormPageSteps.checkUserName(ContactFormPageSteps.java:37)\n\tat lesson5.Example01.simpleTest1(Example01.java:53)\n\tat sun.reflect.NativeMethodAccessorImpl.invoke0(Native Method)\n\tat sun.reflect.NativeMethodAccessorImpl.invoke(NativeMethodAccessorImpl.java:62)\n\tat sun.reflect.DelegatingMethodAccessorImpl.invoke(DelegatingMethodAccessorImpl.java:43)\n\tat java.lang.reflect.Method.invoke(Method.java:498)\n\tat org.testng.internal.MethodInvocationHelper.invokeMethod(MethodInvocationHelper.java:124)\n\tat org.testng.internal.Invoker.invokeMethod(Invoker.java:583)\n\tat org.testng.internal.Invoker.invokeTestMethod(Invoker.java:719)\n\tat org.testng.internal.Invoker.invokeTestMethods(Invoker.java:989)\n\tat org.testng.internal.TestMethodWorker.invokeTestMethods(TestMethodWorker.java:125)\n\tat org.testng.internal.TestMethodWorker.run(TestMethodWorker.java:109)\n\tat org.testng.TestRunner.privateRun(TestRunner.java:648)\n\tat org.testng.TestRunner.run(TestRunner.java:505)\n\tat org.testng.SuiteRunner.runTest(SuiteRunner.java:455)\n\tat org.testng.SuiteRunner.runSequentially(SuiteRunner.java:450)\n\tat org.testng.SuiteRunner.privateRun(SuiteRunner.java:415)\n\tat org.testng.SuiteRunner.run(SuiteRunner.java:364)\n\tat org.testng.SuiteRunnerWorker.runSuite(SuiteRunnerWorker.java:52)\n\tat org.testng.SuiteRunnerWorker.run(SuiteRunnerWorker.java:84)\n\tat org.testng.TestNG.runSuitesSequentially(TestNG.java:1208)\n\tat org.testng.TestNG.runSuitesLocally(TestNG.java:1137)\n\tat org.testng.TestNG.runSuites(TestNG.java:1049)\n\tat org.testng.TestNG.run(TestNG.java:1017)\n\tat org.testng.IDEARemoteTestNG.run(IDEARemoteTestNG.java:73)\n\tat org.testng.RemoteTestNGStarter.main(RemoteTestNGStarter.java:123)\n"},"stage":"finished","steps":[{"name":"Login as user: 'epam'","status":"passed","stage":"finished","steps":[],"attachments":[],"parameters":[{"name":"userName","value":"epam"},{"name":"password","value":"1234"}],"start":1561911711994,"stop":1561911712261},{"name":"Navigate to Contact Form page","status":"passed","stage":"finished","steps":[],"attachments":[],"parameters":[],"start":1561911712261,"stop":1561911712698},{"name":"Check user name PITER CHAILOVSKII1","status":"failed","statusDetails":{"known":false,"muted":false,"flaky":false,"message":"expected [PITER CHAILOVSKII1] but found [PITER CHAILOVSKII]","trace":"java.lang.AssertionError: expected [PITER CHAILOVSKII1] but found [PITER CHAILOVSKII]\n\tat org.testng.Assert.fail(Assert.java:96)\n\tat org.testng.Assert.failNotEquals(Assert.java:776)\n\tat org.testng.Assert.assertEqualsImpl(Assert.java:137)\n\tat org.testng.Assert.assertEquals(Assert.java:118)\n\tat org.testng.Assert.assertEquals(Assert.java:453)\n\tat org.testng.Assert.assertEquals(Assert.java:463)\n\tat lesson5.steps.ContactFormPageSteps.checkUserName(ContactFormPageSteps.java:37)\n\tat lesson5.Example01.simpleTest1(Example01.java:53)\n\tat sun.reflect.NativeMethodAccessorImpl.invoke0(Native Method)\n\tat sun.reflect.NativeMethodAccessorImpl.invoke(NativeMethodAccessorImpl.java:62)\n\tat sun.reflect.DelegatingMethodAccessorImpl.invoke(DelegatingMethodAccessorImpl.java:43)\n\tat java.lang.reflect.Method.invoke(Method.java:498)\n\tat org.testng.internal.MethodInvocationHelper.invokeMethod(MethodInvocationHelper.java:124)\n\tat org.testng.internal.Invoker.invokeMethod(Invoker.java:583)\n\tat org.testng.internal.Invoker.invokeTestMethod(Invoker.java:719)\n\tat org.testng.internal.Invoker.invokeTestMethods(Invoker.java:989)\n\tat org.testng.internal.TestMethodWorker.invokeTestMethods(TestMethodWorker.java:125)\n\tat org.testng.internal.TestMethodWorker.run(TestMethodWorker.java:109)\n\tat org.testng.TestRunner.privateRun(TestRunner.java:648)\n\tat org.testng.TestRunner.run(TestRunner.java:505)\n\tat org.testng.SuiteRunner.runTest(SuiteRunner.java:455)\n\tat org.testng.SuiteRunner.runSequentially(SuiteRunner.java:450)\n\tat org.testng.SuiteRunner.privateRun(SuiteRunner.java:415)\n\tat org.testng.SuiteRunner.run(SuiteRunner.java:364)\n\tat org.testng.SuiteRunnerWorker.runSuite(SuiteRunnerWorker.java:52)\n\tat org.testng.SuiteRunnerWorker.run(SuiteRunnerWorker.java:84)\n\tat org.testng.TestNG.runSuitesSequentially(TestNG.java:1208)\n\tat org.testng.TestNG.runSuitesLocally(TestNG.java:1137)\n\tat org.testng.TestNG.runSuites(TestNG.java:1049)\n\tat org.testng.TestNG.run(TestNG.java:1017)\n\tat org.testng.IDEARemoteTestNG.run(IDEARemoteTestNG.java:73)\n\tat org.testng.RemoteTestNGStarter.main(RemoteTestNGStarter.java:123)\n"},"stage":"finished","steps":[],"attachments":[],"parameters":[{"name":"userName","value":"PITER CHAILOVSKII1"}],"start":1561911712699,"stop":1561911712723}],"attachments":[{"name":"Attachment: failed","source":"2aced5f3-93bb-4b85-97c3-6bd9359cd970-attachment","type":"image/png"}],"parameters":[],"start":1561911711993,"stop":1561911713187,"uuid":"0ccb7db3-6bac-41be-be8a-1cfb6b177485","historyId":"8a1ce7a2d6fe130cb7d6e9aabe69826e","fullName":"lesson5.Example01.simpleTest1","labels":[{"name":"package","value":"lesson5.Example01"},{"name":"testClass","value":"lesson5.Example01"},{"name":"testMethod","value":"simpleTest1"},{"name":"parentSuite","value":"Default Suite"},{"name":"suite","value":"TestProject"},{"name":"subSuite","value":"lesson5.Example01"},{"name":"host","value":"Dogs-MacBook-Pro.local"},{"name":"thread","value":"6809@Dogs-MacBook-Pro.local.main(1)"},{"name":"framework","value":"testng"},{"name":"language","value":"java"}],"links":[]}