{"name":"simpleTest","status":"failed","statusDetails":{"known":false,"muted":false,"flaky":false,"message":"expected [PITER CHAILOVSKII1] but found [PITER CHAILOVSKII]","trace":"java.lang.AssertionError: expected [PITER CHAILOVSKII1] but found [PITER CHAILOVSKII]\n\tat org.testng.Assert.fail(Assert.java:96)\n\tat org.testng.Assert.failNotEquals(Assert.java:776)\n\tat org.testng.Assert.assertEqualsImpl(Assert.java:137)\n\tat org.testng.Assert.assertEquals(Assert.java:118)\n\tat org.testng.Assert.assertEquals(Assert.java:453)\n\tat org.testng.Assert.assertEquals(Assert.java:463)\n\tat lesson5.steps.ContactFormPageSteps.checkUserName(ContactFormPageSteps.java:37)\n\tat lesson5.Example01.simpleTest(Example01.java:42)\n\tat sun.reflect.NativeMethodAccessorImpl.invoke0(Native Method)\n\tat sun.reflect.NativeMethodAccessorImpl.invoke(NativeMethodAccessorImpl.java:62)\n\tat sun.reflect.DelegatingMethodAccessorImpl.invoke(DelegatingMethodAccessorImpl.java:43)\n\tat java.lang.reflect.Method.invoke(Method.java:498)\n\tat org.testng.internal.MethodInvocationHelper.invokeMethod(MethodInvocationHelper.java:124)\n\tat org.testng.internal.Invoker.invokeMethod(Invoker.java:583)\n\tat org.testng.internal.Invoker.invokeTestMethod(Invoker.java:719)\n\tat org.testng.internal.Invoker.invokeTestMethods(Invoker.java:989)\n\tat org.testng.internal.TestMethodWorker.invokeTestMethods(TestMethodWorker.java:125)\n\tat org.testng.internal.TestMethodWorker.run(TestMethodWorker.java:109)\n\tat org.testng.TestRunner.privateRun(TestRunner.java:648)\n\tat org.testng.TestRunner.run(TestRunner.java:505)\n\tat org.testng.SuiteRunner.runTest(SuiteRunner.java:455)\n\tat org.testng.SuiteRunner.runSequentially(SuiteRunner.java:450)\n\tat org.testng.SuiteRunner.privateRun(SuiteRunner.java:415)\n\tat org.testng.SuiteRunner.run(SuiteRunner.java:364)\n\tat org.testng.SuiteRunnerWorker.runSuite(SuiteRunnerWorker.java:52)\n\tat org.testng.SuiteRunnerWorker.run(SuiteRunnerWorker.java:84)\n\tat org.testng.TestNG.runSuitesSequentially(TestNG.java:1208)\n\tat org.testng.TestNG.runSuitesLocally(TestNG.java:1137)\n\tat org.testng.TestNG.runSuites(TestNG.java:1049)\n\tat org.testng.TestNG.run(TestNG.java:1017)\n\tat org.testng.IDEARemoteTestNG.run(IDEARemoteTestNG.java:73)\n\tat org.testng.RemoteTestNGStarter.main(RemoteTestNGStarter.java:123)\n"},"stage":"finished","steps":[{"name":"Login as user: 'epam'","status":"passed","stage":"finished","steps":[],"attachments":[],"parameters":[{"name":"userName","value":"epam"},{"name":"password","value":"1234"}],"start":1561911678485,"stop":1561911678741},{"name":"Navigate to Contact Form page","status":"passed","stage":"finished","steps":[],"attachments":[],"parameters":[],"start":1561911678742,"stop":1561911679095},{"name":"Fill Contact Form","status":"passed","stage":"finished","steps":[],"attachments":[],"parameters":[{"name":"gender","value":"Male"},{"name":"lastName","value":"Some name"}],"start":1561911679095,"stop":1561911679224},{"name":"Check user name PITER CHAILOVSKII1","status":"failed","statusDetails":{"known":false,"muted":false,"flaky":false,"message":"expected [PITER CHAILOVSKII1] but found [PITER CHAILOVSKII]","trace":"java.lang.AssertionError: expected [PITER CHAILOVSKII1] but found [PITER CHAILOVSKII]\n\tat org.testng.Assert.fail(Assert.java:96)\n\tat org.testng.Assert.failNotEquals(Assert.java:776)\n\tat org.testng.Assert.assertEqualsImpl(Assert.java:137)\n\tat org.testng.Assert.assertEquals(Assert.java:118)\n\tat org.testng.Assert.assertEquals(Assert.java:453)\n\tat org.testng.Assert.assertEquals(Assert.java:463)\n\tat lesson5.steps.ContactFormPageSteps.checkUserName(ContactFormPageSteps.java:37)\n\tat lesson5.Example01.simpleTest(Example01.java:42)\n\tat sun.reflect.NativeMethodAccessorImpl.invoke0(Native Method)\n\tat sun.reflect.NativeMethodAccessorImpl.invoke(NativeMethodAccessorImpl.java:62)\n\tat sun.reflect.DelegatingMethodAccessorImpl.invoke(DelegatingMethodAccessorImpl.java:43)\n\tat java.lang.reflect.Method.invoke(Method.java:498)\n\tat org.testng.internal.MethodInvocationHelper.invokeMethod(MethodInvocationHelper.java:124)\n\tat org.testng.internal.Invoker.invokeMethod(Invoker.java:583)\n\tat org.testng.internal.Invoker.invokeTestMethod(Invoker.java:719)\n\tat org.testng.internal.Invoker.invokeTestMethods(Invoker.java:989)\n\tat org.testng.internal.TestMethodWorker.invokeTestMethods(TestMethodWorker.java:125)\n\tat org.testng.internal.TestMethodWorker.run(TestMethodWorker.java:109)\n\tat org.testng.TestRunner.privateRun(TestRunner.java:648)\n\tat org.testng.TestRunner.run(TestRunner.java:505)\n\tat org.testng.SuiteRunner.runTest(SuiteRunner.java:455)\n\tat org.testng.SuiteRunner.runSequentially(SuiteRunner.java:450)\n\tat org.testng.SuiteRunner.privateRun(SuiteRunner.java:415)\n\tat org.testng.SuiteRunner.run(SuiteRunner.java:364)\n\tat org.testng.SuiteRunnerWorker.runSuite(SuiteRunnerWorker.java:52)\n\tat org.testng.SuiteRunnerWorker.run(SuiteRunnerWorker.java:84)\n\tat org.testng.TestNG.runSuitesSequentially(TestNG.java:1208)\n\tat org.testng.TestNG.runSuitesLocally(TestNG.java:1137)\n\tat org.testng.TestNG.runSuites(TestNG.java:1049)\n\tat org.testng.TestNG.run(TestNG.java:1017)\n\tat org.testng.IDEARemoteTestNG.run(IDEARemoteTestNG.java:73)\n\tat org.testng.RemoteTestNGStarter.main(RemoteTestNGStarter.java:123)\n"},"stage":"finished","steps":[],"attachments":[],"parameters":[{"name":"userName","value":"PITER CHAILOVSKII1"}],"start":1561911679225,"stop":1561911679252}],"attachments":[{"name":"Attachment: failed","source":"d0900c6f-6b02-4d5c-bbf4-f97d9e5455cf-attachment","type":"image/png"}],"parameters":[],"start":1561911678481,"stop":1561911679710,"uuid":"5b06448c-de79-4f9a-85fb-a239c5115046","historyId":"4da8f302f9366720f983a47441572cc1","fullName":"lesson5.Example01.simpleTest","labels":[{"name":"package","value":"lesson5.Example01"},{"name":"testClass","value":"lesson5.Example01"},{"name":"testMethod","value":"simpleTest"},{"name":"parentSuite","value":"Default Suite"},{"name":"suite","value":"TestProject"},{"name":"subSuite","value":"lesson5.Example01"},{"name":"host","value":"Dogs-MacBook-Pro.local"},{"name":"thread","value":"6757@Dogs-MacBook-Pro.local.main(1)"},{"name":"framework","value":"testng"},{"name":"language","value":"java"}],"links":[]}